[debug] ----------------------------------------------------------------------
[debug] Command:      /usr/local/bin/node /usr/local/bin/firebase deploy
[debug] CLI Version:  3.5.0
[debug] Platform:     darwin
[debug] Node Version: v4.4.7
[debug] Time:         Sat Mar 25 2017 08:38:36 GMT-0500 (CDT)
[debug] ----------------------------------------------------------------------
[debug] 
[debug] > command requires scopes: ["email","openid","https://www.googleapis.com/auth/cloudplatformprojects.readonly","https://www.googleapis.com/auth/firebase","https://www.googleapis.com/auth/cloud-platform"]
[debug] > refreshing access token with scopes: ["email","https://www.googleapis.com/auth/cloud-platform","https://www.googleapis.com/auth/cloudplatformprojects.readonly","https://www.googleapis.com/auth/firebase","openid"]
[debug] >>> HTTP REQUEST POST https://www.googleapis.com/oauth2/v3/token { refresh_token: '1/hyNiMZ6JmaZjsLDOnv4YK3lXYzCBUzJG2R9sCSa69gklf0C6Z2JUAIVymF_qpT1U',
  client_id: '563584335869-fgrhgmd47bqnekij5i8b5pr03ho849e6.apps.googleusercontent.com',
  client_secret: 'j9iVZfS8kkCEFUPaAeJV0sAi',
  grant_type: 'refresh_token',
  scope: 'email https://www.googleapis.com/auth/cloud-platform https://www.googleapis.com/auth/cloudplatformprojects.readonly https://www.googleapis.com/auth/firebase openid' } 
 Sat Mar 25 2017 08:38:36 GMT-0500 (CDT)
[debug] <<< HTTP RESPONSE 200
[debug] >>> HTTP REQUEST GET https://admin.firebase.com/v1/projects/middleofthemapmedia  
 Sat Mar 25 2017 08:38:37 GMT-0500 (CDT)
[debug] <<< HTTP RESPONSE 200
[debug] >>> HTTP REQUEST GET https://admin.firebase.com/v1/database/middleofthemapmedia/tokens  
 Sat Mar 25 2017 08:38:38 GMT-0500 (CDT)
[debug] <<< HTTP RESPONSE 200
[info] 
[info] === Deploying to 'middleofthemapmedia'...
[info] 
[info] i  deploying database, functions, hosting
[info] ✔  database: rules ready to deploy.
[debug] > [functions] package.json contents: {
  "name": "functions",
  "description": "Cloud Functions for Firebase",
  "dependencies": {
    "firebase-admin": "^4.1.2",
    "firebase-functions": "^0.5"
  },
  "private": true
}
[info] i  functions: ensuring necessary APIs are enabled...
[info] i  runtimeconfig: ensuring necessary APIs are enabled...
[debug] >>> HTTP REQUEST GET https://servicemanagement.googleapis.com/v1/services/cloudfunctions.googleapis.com/projectSettings/middleofthemapmedia?view=CONSUMER_VIEW  
 Sat Mar 25 2017 08:38:40 GMT-0500 (CDT)
[debug] >>> HTTP REQUEST GET https://servicemanagement.googleapis.com/v1/services/runtimeconfig.googleapis.com/projectSettings/middleofthemapmedia?view=CONSUMER_VIEW  
 Sat Mar 25 2017 08:38:40 GMT-0500 (CDT)
[debug] <<< HTTP RESPONSE 200
[info] ✔  runtimeconfig: all necessary APIs are enabled
[debug] <<< HTTP RESPONSE 200
[info] ✔  functions: all necessary APIs are enabled
[debug] >>> HTTP REQUEST GET https://appengine.googleapis.com/v1/apps/middleofthemapmedia  
 Sat Mar 25 2017 08:38:40 GMT-0500 (CDT)
[debug] >>> HTTP REQUEST GET https://apikeys.googleapis.com/v1/projects/middleofthemapmedia/apiKeys  
 Sat Mar 25 2017 08:38:40 GMT-0500 (CDT)
[debug] <<< HTTP RESPONSE 200
[debug] <<< HTTP RESPONSE 200
[info] i  functions: preparing functions directory for uploading...
[debug] >>> HTTP REQUEST GET https://runtimeconfig.googleapis.com/v1beta1/projects/middleofthemapmedia/configs  
 Sat Mar 25 2017 08:38:43 GMT-0500 (CDT)
[debug] <<< HTTP RESPONSE 200
[debug] > [functions] runtime config materialized as: {
  "firebase": {
    "databaseURL": "https://middleofthemapmedia.firebaseio.com",
    "storageBucket": "middleofthemapmedia.appspot.com",
    "apiKey": "AIzaSyCrU9plv3QdIyiBmqHEYJ8fbVows_s7RSA",
    "authDomain": "middleofthemapmedia.firebaseapp.com"
  }
}
[debug] > [functions] parsed triggers: []
[info] i  hosting: preparing public directory for upload...
[debug] >>> HTTP REQUEST PUT https://deploy.firebase.com/v1/hosting/middleofthemapmedia/uploads/-Kg4gAjB0RgPPGHXLSah?fileCount=98&message=  
 Sat Mar 25 2017 08:38:53 GMT-0500 (CDT)
